<?xml version="1.0" encoding="UTF-8"?>
<!-- Generated by org.testng.reporters.JUnitXMLReporter -->
<testsuite ignored="0" hostname="DESKTOP-B3AF6T3" failures="0" tests="5" name="Default test" time="55.568" errors="0" timestamp="2024-01-18T13:02:21 AEDT">
  <testcase classname="testCase.TestCase2" name="SubmitFeedback" time="7.466"/>
  <testcase classname="testCase.TestCase2" name="SubmitFeedback" time="7.438"/>
  <testcase classname="testCase.TestCase2" name="SubmitFeedback" time="7.488"/>
  <testcase classname="testCase.TestCase2" name="SubmitFeedback" time="7.431"/>
  <testcase classname="testCase.TestCase2" name="SubmitFeedback" time="7.457"/>
</testsuite> <!-- Default test -->
