<?xml version="1.0" encoding="UTF-8"?>
<!-- Generated by org.testng.reporters.JUnitXMLReporter -->
<testsuite ignored="0" hostname="DESKTOP-B3AF6T3" failures="0" tests="7" name="Test" time="265.003" errors="0" timestamp="2024-01-18T20:32:17 AEDT">
  <testcase classname="testCase.TestCase1" name="validateErrors" time="164.581"/>
  <testcase classname="testCase.TestCase2" name="SubmitFeedback" time="8.609"/>
  <testcase classname="testCase.TestCase2" name="SubmitFeedback" time="8.459"/>
  <testcase classname="testCase.TestCase2" name="SubmitFeedback" time="8.596"/>
  <testcase classname="testCase.TestCase2" name="SubmitFeedback" time="8.845"/>
  <testcase classname="testCase.TestCase2" name="SubmitFeedback" time="9.088"/>
  <testcase classname="testCase.TestCase3" name="buyItems" time="9.978"/>
</testsuite> <!-- Test -->
